0 info it worked if it ends with ok
1 verbose cli [ 'node',
1 verbose cli   '/usr/local/bin/npm',
1 verbose cli   'install',
1 verbose cli   '--save',
1 verbose cli   'react-addons-linked-state-mixin' ]
2 info using npm@1.3.11
3 info using node@v0.10.21
4 warn package.json CodeSniff@0.0.0 No description
5 warn package.json CodeSniff@0.0.0 No repository field.
6 warn package.json CodeSniff@0.0.0 No README data
7 verbose readDependencies using package.json deps
8 verbose cache add [ 'react-addons-linked-state-mixin', null ]
9 verbose cache add name=undefined spec="react-addons-linked-state-mixin" args=["react-addons-linked-state-mixin",null]
10 verbose parsed url { protocol: null,
10 verbose parsed url   slashes: null,
10 verbose parsed url   auth: null,
10 verbose parsed url   host: null,
10 verbose parsed url   port: null,
10 verbose parsed url   hostname: null,
10 verbose parsed url   hash: null,
10 verbose parsed url   search: null,
10 verbose parsed url   query: null,
10 verbose parsed url   pathname: 'react-addons-linked-state-mixin',
10 verbose parsed url   path: 'react-addons-linked-state-mixin',
10 verbose parsed url   href: 'react-addons-linked-state-mixin' }
11 silly lockFile 01a01d10-react-addons-linked-state-mixin react-addons-linked-state-mixin
12 verbose lock react-addons-linked-state-mixin /Users/andrewluu/.npm/01a01d10-react-addons-linked-state-mixin.lock
13 silly lockFile 01a01d10-react-addons-linked-state-mixin react-addons-linked-state-mixin
14 silly lockFile 01a01d10-react-addons-linked-state-mixin react-addons-linked-state-mixin
15 verbose addNamed [ 'react-addons-linked-state-mixin', '' ]
16 verbose addNamed [ null, '*' ]
17 silly lockFile a105a05f-react-addons-linked-state-mixin react-addons-linked-state-mixin@
18 verbose lock react-addons-linked-state-mixin@ /Users/andrewluu/.npm/a105a05f-react-addons-linked-state-mixin.lock
19 silly addNameRange { name: 'react-addons-linked-state-mixin',
19 silly addNameRange   range: '*',
19 silly addNameRange   hasData: false }
20 verbose url raw react-addons-linked-state-mixin
21 verbose url resolving [ 'https://registry.npmjs.org/',
21 verbose url resolving   './react-addons-linked-state-mixin' ]
22 verbose url resolved https://registry.npmjs.org/react-addons-linked-state-mixin
23 info trying registry request attempt 1 at 15:02:05
24 http GET https://registry.npmjs.org/react-addons-linked-state-mixin
25 http 200 https://registry.npmjs.org/react-addons-linked-state-mixin
26 silly registry.get cb [ 200,
26 silly registry.get   { server: 'CouchDB/1.5.0 (Erlang OTP/R16B03)',
26 silly registry.get     etag: '"EO6C1RSLCOGD3OE3X8H5JMTRE"',
26 silly registry.get     'content-type': 'application/json',
26 silly registry.get     'cache-control': 'max-age=300',
26 silly registry.get     'content-length': '14968',
26 silly registry.get     'accept-ranges': 'bytes',
26 silly registry.get     date: 'Fri, 19 Feb 2016 21:02:06 GMT',
26 silly registry.get     via: '1.1 varnish',
26 silly registry.get     age: '250',
26 silly registry.get     connection: 'keep-alive',
26 silly registry.get     'x-served-by': 'cache-atl6229-ATL',
26 silly registry.get     'x-cache': 'HIT',
26 silly registry.get     'x-cache-hits': '1',
26 silly registry.get     'x-timer': 'S1455915726.067660,VS0,VE0',
26 silly registry.get     vary: 'Accept' } ]
27 silly addNameRange number 2 { name: 'react-addons-linked-state-mixin',
27 silly addNameRange   range: '*',
27 silly addNameRange   hasData: true }
28 silly addNameRange versions [ 'react-addons-linked-state-mixin',
28 silly addNameRange   [ '0.14.0-beta1',
28 silly addNameRange     '0.14.0-beta2',
28 silly addNameRange     '0.14.0-beta3',
28 silly addNameRange     '0.14.0-rc1',
28 silly addNameRange     '0.14.0',
28 silly addNameRange     '0.14.1',
28 silly addNameRange     '0.14.2',
28 silly addNameRange     '0.14.3',
28 silly addNameRange     '0.14.4',
28 silly addNameRange     '0.14.5',
28 silly addNameRange     '0.14.6',
28 silly addNameRange     '0.15.0-alpha.1',
28 silly addNameRange     '0.14.7' ] ]
29 verbose addNamed [ 'react-addons-linked-state-mixin', '0.14.7' ]
30 verbose addNamed [ '0.14.7', '0.14.7' ]
31 silly lockFile 36350731-addons-linked-state-mixin-0-14-7 react-addons-linked-state-mixin@0.14.7
32 verbose lock react-addons-linked-state-mixin@0.14.7 /Users/andrewluu/.npm/36350731-addons-linked-state-mixin-0-14-7.lock
33 silly lockFile 6d59e8e5-ns-linked-state-mixin-0-14-7-tgz https://registry.npmjs.org/react-addons-linked-state-mixin/-/react-addons-linked-state-mixin-0.14.7.tgz
34 verbose lock https://registry.npmjs.org/react-addons-linked-state-mixin/-/react-addons-linked-state-mixin-0.14.7.tgz /Users/andrewluu/.npm/6d59e8e5-ns-linked-state-mixin-0-14-7-tgz.lock
35 verbose addRemoteTarball [ 'https://registry.npmjs.org/react-addons-linked-state-mixin/-/react-addons-linked-state-mixin-0.14.7.tgz',
35 verbose addRemoteTarball   '021131d14e4d018654a1a665ad22fbaf8f60bee2' ]
36 info retry fetch attempt 1 at 15:02:06
37 verbose fetch to= /var/folders/rv/g929v2057ddg573y1jlgd03r0000gn/T/npm-62924-gDH-GT6t/1455915726118-0.024036762304604053/tmp.tgz
38 http GET https://registry.npmjs.org/react-addons-linked-state-mixin/-/react-addons-linked-state-mixin-0.14.7.tgz
39 http 200 https://registry.npmjs.org/react-addons-linked-state-mixin/-/react-addons-linked-state-mixin-0.14.7.tgz
40 verbose tar unpack /var/folders/rv/g929v2057ddg573y1jlgd03r0000gn/T/npm-62924-gDH-GT6t/1455915726118-0.024036762304604053/tmp.tgz
41 silly lockFile 9ed5b33e-118-0-024036762304604053-package tar:///var/folders/rv/g929v2057ddg573y1jlgd03r0000gn/T/npm-62924-gDH-GT6t/1455915726118-0.024036762304604053/package
42 verbose lock tar:///var/folders/rv/g929v2057ddg573y1jlgd03r0000gn/T/npm-62924-gDH-GT6t/1455915726118-0.024036762304604053/package /Users/andrewluu/.npm/9ed5b33e-118-0-024036762304604053-package.lock
43 silly lockFile a0064c4d-118-0-024036762304604053-tmp-tgz tar:///var/folders/rv/g929v2057ddg573y1jlgd03r0000gn/T/npm-62924-gDH-GT6t/1455915726118-0.024036762304604053/tmp.tgz
44 verbose lock tar:///var/folders/rv/g929v2057ddg573y1jlgd03r0000gn/T/npm-62924-gDH-GT6t/1455915726118-0.024036762304604053/tmp.tgz /Users/andrewluu/.npm/a0064c4d-118-0-024036762304604053-tmp-tgz.lock
45 silly gunzTarPerm modes [ '755', '644' ]
46 silly gunzTarPerm extractEntry package.json
47 silly gunzTarPerm extractEntry README.md
48 silly gunzTarPerm extractEntry LICENSE
49 silly gunzTarPerm extractEntry index.js
50 silly gunzTarPerm extractEntry PATENTS
51 silly lockFile 9ed5b33e-118-0-024036762304604053-package tar:///var/folders/rv/g929v2057ddg573y1jlgd03r0000gn/T/npm-62924-gDH-GT6t/1455915726118-0.024036762304604053/package
52 silly lockFile 9ed5b33e-118-0-024036762304604053-package tar:///var/folders/rv/g929v2057ddg573y1jlgd03r0000gn/T/npm-62924-gDH-GT6t/1455915726118-0.024036762304604053/package
53 silly lockFile a0064c4d-118-0-024036762304604053-tmp-tgz tar:///var/folders/rv/g929v2057ddg573y1jlgd03r0000gn/T/npm-62924-gDH-GT6t/1455915726118-0.024036762304604053/tmp.tgz
54 silly lockFile a0064c4d-118-0-024036762304604053-tmp-tgz tar:///var/folders/rv/g929v2057ddg573y1jlgd03r0000gn/T/npm-62924-gDH-GT6t/1455915726118-0.024036762304604053/tmp.tgz
55 verbose tar pack [ '/Users/andrewluu/.npm/react-addons-linked-state-mixin/0.14.7/package.tgz',
55 verbose tar pack   '/var/folders/rv/g929v2057ddg573y1jlgd03r0000gn/T/npm-62924-gDH-GT6t/1455915726118-0.024036762304604053/package' ]
56 verbose tarball /Users/andrewluu/.npm/react-addons-linked-state-mixin/0.14.7/package.tgz
57 verbose folder /var/folders/rv/g929v2057ddg573y1jlgd03r0000gn/T/npm-62924-gDH-GT6t/1455915726118-0.024036762304604053/package
58 silly lockFile 9ed5b33e-118-0-024036762304604053-package tar:///var/folders/rv/g929v2057ddg573y1jlgd03r0000gn/T/npm-62924-gDH-GT6t/1455915726118-0.024036762304604053/package
59 verbose lock tar:///var/folders/rv/g929v2057ddg573y1jlgd03r0000gn/T/npm-62924-gDH-GT6t/1455915726118-0.024036762304604053/package /Users/andrewluu/.npm/9ed5b33e-118-0-024036762304604053-package.lock
60 silly lockFile ec1afc5f-d-state-mixin-0-14-7-package-tgz tar:///Users/andrewluu/.npm/react-addons-linked-state-mixin/0.14.7/package.tgz
61 verbose lock tar:///Users/andrewluu/.npm/react-addons-linked-state-mixin/0.14.7/package.tgz /Users/andrewluu/.npm/ec1afc5f-d-state-mixin-0-14-7-package-tgz.lock
62 silly lockFile 9ed5b33e-118-0-024036762304604053-package tar:///var/folders/rv/g929v2057ddg573y1jlgd03r0000gn/T/npm-62924-gDH-GT6t/1455915726118-0.024036762304604053/package
63 silly lockFile 9ed5b33e-118-0-024036762304604053-package tar:///var/folders/rv/g929v2057ddg573y1jlgd03r0000gn/T/npm-62924-gDH-GT6t/1455915726118-0.024036762304604053/package
64 silly lockFile ec1afc5f-d-state-mixin-0-14-7-package-tgz tar:///Users/andrewluu/.npm/react-addons-linked-state-mixin/0.14.7/package.tgz
65 silly lockFile ec1afc5f-d-state-mixin-0-14-7-package-tgz tar:///Users/andrewluu/.npm/react-addons-linked-state-mixin/0.14.7/package.tgz
66 silly lockFile 5a9ce88f-inked-state-mixin-0-14-7-package /Users/andrewluu/.npm/react-addons-linked-state-mixin/0.14.7/package
67 verbose lock /Users/andrewluu/.npm/react-addons-linked-state-mixin/0.14.7/package /Users/andrewluu/.npm/5a9ce88f-inked-state-mixin-0-14-7-package.lock
68 silly lockFile 5a9ce88f-inked-state-mixin-0-14-7-package /Users/andrewluu/.npm/react-addons-linked-state-mixin/0.14.7/package
69 silly lockFile 5a9ce88f-inked-state-mixin-0-14-7-package /Users/andrewluu/.npm/react-addons-linked-state-mixin/0.14.7/package
70 verbose tar unpack /Users/andrewluu/.npm/react-addons-linked-state-mixin/0.14.7/package.tgz
71 silly lockFile 338d8c08-inked-state-mixin-0-14-7-package tar:///Users/andrewluu/.npm/react-addons-linked-state-mixin/0.14.7/package
72 verbose lock tar:///Users/andrewluu/.npm/react-addons-linked-state-mixin/0.14.7/package /Users/andrewluu/.npm/338d8c08-inked-state-mixin-0-14-7-package.lock
73 silly lockFile ec1afc5f-d-state-mixin-0-14-7-package-tgz tar:///Users/andrewluu/.npm/react-addons-linked-state-mixin/0.14.7/package.tgz
74 verbose lock tar:///Users/andrewluu/.npm/react-addons-linked-state-mixin/0.14.7/package.tgz /Users/andrewluu/.npm/ec1afc5f-d-state-mixin-0-14-7-package-tgz.lock
75 silly gunzTarPerm modes [ '755', '644' ]
76 silly gunzTarPerm extractEntry package.json
77 silly gunzTarPerm extractEntry README.md
78 silly gunzTarPerm extractEntry LICENSE
79 silly gunzTarPerm extractEntry index.js
80 silly gunzTarPerm extractEntry PATENTS
81 silly lockFile 338d8c08-inked-state-mixin-0-14-7-package tar:///Users/andrewluu/.npm/react-addons-linked-state-mixin/0.14.7/package
82 silly lockFile 338d8c08-inked-state-mixin-0-14-7-package tar:///Users/andrewluu/.npm/react-addons-linked-state-mixin/0.14.7/package
83 silly lockFile ec1afc5f-d-state-mixin-0-14-7-package-tgz tar:///Users/andrewluu/.npm/react-addons-linked-state-mixin/0.14.7/package.tgz
84 silly lockFile ec1afc5f-d-state-mixin-0-14-7-package-tgz tar:///Users/andrewluu/.npm/react-addons-linked-state-mixin/0.14.7/package.tgz
85 verbose chmod /Users/andrewluu/.npm/react-addons-linked-state-mixin/0.14.7/package.tgz 644
86 verbose chown /Users/andrewluu/.npm/react-addons-linked-state-mixin/0.14.7/package.tgz [ 501, 20 ]
87 silly lockFile 6d59e8e5-ns-linked-state-mixin-0-14-7-tgz https://registry.npmjs.org/react-addons-linked-state-mixin/-/react-addons-linked-state-mixin-0.14.7.tgz
88 silly lockFile 6d59e8e5-ns-linked-state-mixin-0-14-7-tgz https://registry.npmjs.org/react-addons-linked-state-mixin/-/react-addons-linked-state-mixin-0.14.7.tgz
89 silly lockFile 36350731-addons-linked-state-mixin-0-14-7 react-addons-linked-state-mixin@0.14.7
90 silly lockFile 36350731-addons-linked-state-mixin-0-14-7 react-addons-linked-state-mixin@0.14.7
91 silly lockFile a105a05f-react-addons-linked-state-mixin react-addons-linked-state-mixin@
92 silly lockFile a105a05f-react-addons-linked-state-mixin react-addons-linked-state-mixin@
93 silly resolved [ { name: 'react-addons-linked-state-mixin',
93 silly resolved     version: '0.14.7',
93 silly resolved     main: 'index.js',
93 silly resolved     repository: { type: 'git', url: 'git://github.com/facebook/react' },
93 silly resolved     keywords: [ 'react', 'react-addon' ],
93 silly resolved     license: 'BSD-3-Clause',
93 silly resolved     dependencies: {},
93 silly resolved     peerDependencies: { react: '^0.14.7' },
93 silly resolved     readme: '# react-addons-linked-state-mixin\n\nThis package provides the React LinkedStateMixin add-on.\n\nSee <https://facebook.github.io/react/docs/two-way-binding-helpers.html> for more information.',
93 silly resolved     readmeFilename: 'README.md',
93 silly resolved     description: 'This package provides the React LinkedStateMixin add-on.',
93 silly resolved     bugs: { url: 'https://github.com/facebook/react/issues' },
93 silly resolved     _id: 'react-addons-linked-state-mixin@0.14.7',
93 silly resolved     dist: { shasum: '7d58c4a195b6cbeb8194bf98d9013e344b677bed' },
93 silly resolved     _from: 'react-addons-linked-state-mixin@',
93 silly resolved     _resolved: 'https://registry.npmjs.org/react-addons-linked-state-mixin/-/react-addons-linked-state-mixin-0.14.7.tgz' } ]
94 info install react-addons-linked-state-mixin@0.14.7 into /Users/andrewluu/uiuc-svn/cs492/codesniff/client
95 info installOne react-addons-linked-state-mixin@0.14.7
96 info /Users/andrewluu/uiuc-svn/cs492/codesniff/client/node_modules/react-addons-linked-state-mixin unbuild
97 verbose tar unpack /Users/andrewluu/.npm/react-addons-linked-state-mixin/0.14.7/package.tgz
98 silly lockFile 641cd18d--react-addons-linked-state-mixin tar:///Users/andrewluu/uiuc-svn/cs492/codesniff/client/node_modules/react-addons-linked-state-mixin
99 verbose lock tar:///Users/andrewluu/uiuc-svn/cs492/codesniff/client/node_modules/react-addons-linked-state-mixin /Users/andrewluu/.npm/641cd18d--react-addons-linked-state-mixin.lock
100 silly lockFile ec1afc5f-d-state-mixin-0-14-7-package-tgz tar:///Users/andrewluu/.npm/react-addons-linked-state-mixin/0.14.7/package.tgz
101 verbose lock tar:///Users/andrewluu/.npm/react-addons-linked-state-mixin/0.14.7/package.tgz /Users/andrewluu/.npm/ec1afc5f-d-state-mixin-0-14-7-package-tgz.lock
102 silly gunzTarPerm modes [ '755', '644' ]
103 silly gunzTarPerm extractEntry package.json
104 silly gunzTarPerm extractEntry README.md
105 silly gunzTarPerm extractEntry LICENSE
106 silly gunzTarPerm extractEntry index.js
107 silly gunzTarPerm extractEntry PATENTS
108 silly lockFile 641cd18d--react-addons-linked-state-mixin tar:///Users/andrewluu/uiuc-svn/cs492/codesniff/client/node_modules/react-addons-linked-state-mixin
109 silly lockFile 641cd18d--react-addons-linked-state-mixin tar:///Users/andrewluu/uiuc-svn/cs492/codesniff/client/node_modules/react-addons-linked-state-mixin
110 silly lockFile ec1afc5f-d-state-mixin-0-14-7-package-tgz tar:///Users/andrewluu/.npm/react-addons-linked-state-mixin/0.14.7/package.tgz
111 silly lockFile ec1afc5f-d-state-mixin-0-14-7-package-tgz tar:///Users/andrewluu/.npm/react-addons-linked-state-mixin/0.14.7/package.tgz
112 info preinstall react-addons-linked-state-mixin@0.14.7
113 verbose readDependencies using package.json deps
114 verbose readDependencies using package.json deps
115 silly resolved []
116 verbose about to build /Users/andrewluu/uiuc-svn/cs492/codesniff/client/node_modules/react-addons-linked-state-mixin
117 info build /Users/andrewluu/uiuc-svn/cs492/codesniff/client/node_modules/react-addons-linked-state-mixin
118 verbose linkStuff [ false,
118 verbose linkStuff   false,
118 verbose linkStuff   false,
118 verbose linkStuff   '/Users/andrewluu/uiuc-svn/cs492/codesniff/client/node_modules' ]
119 info linkStuff react-addons-linked-state-mixin@0.14.7
120 verbose linkBins react-addons-linked-state-mixin@0.14.7
121 verbose linkMans react-addons-linked-state-mixin@0.14.7
122 verbose rebuildBundles react-addons-linked-state-mixin@0.14.7
123 info install react-addons-linked-state-mixin@0.14.7
124 info postinstall react-addons-linked-state-mixin@0.14.7
125 verbose readDependencies using package.json deps
126 verbose already installed skipping react@^0.14.7 /Users/andrewluu/uiuc-svn/cs492/codesniff/client
127 silly resolved []
128 error peerinvalid The package react does not satisfy its siblings' peerDependencies requirements!
128 error peerinvalid Peer react-dom@0.14.3 wants react@^0.14.3
128 error peerinvalid Peer react-redux@4.0.6 wants react@^0.14.0
128 error peerinvalid Peer react-addons-linked-state-mixin@0.14.7 wants react@^0.14.7
129 error System Darwin 15.0.0
130 error command "node" "/usr/local/bin/npm" "install" "--save" "react-addons-linked-state-mixin"
131 error cwd /Users/andrewluu/uiuc-svn/cs492/codesniff/client/src/containers
132 error node -v v0.10.21
133 error npm -v 1.3.11
134 error code EPEERINVALID
135 verbose exit [ 1, true ]
